{"C:\\Users\\sacum\\OneDrive\\Escritorio\\p1-sacuadros09-main\\src\\index.js": {"path":"C:\\Users\\sacum\\OneDrive\\Escritorio\\p1-sacuadros09-main\\src\\index.js","statementMap":{"0":{"start":{"line":1,"column":16},"end":{"line":1,"column":34}},"1":{"start":{"line":2,"column":13},"end":{"line":2,"column":28}},"2":{"start":{"line":3,"column":12},"end":{"line":3,"column":21}},"3":{"start":{"line":5,"column":18},"end":{"line":5,"column":42}},"4":{"start":{"line":7,"column":0},"end":{"line":7,"column":24}},"5":{"start":{"line":8,"column":0},"end":{"line":8,"column":48}},"6":{"start":{"line":9,"column":0},"end":{"line":9,"column":16}},"7":{"start":{"line":11,"column":0},"end":{"line":11,"column":28}},"8":{"start":{"line":13,"column":0},"end":{"line":13,"column":21}}},"fnMap":{},"branchMap":{},"s":{"0":24,"1":24,"2":24,"3":24,"4":24,"5":24,"6":24,"7":24,"8":24},"f":{},"b":{},"_coverageSchema":"1a1c01bbd47fc00a2c39e90264f33305004495a9","hash":"f4cadb7a342171001d780942dac952042af4b874"}
,"C:\\Users\\sacum\\OneDrive\\Escritorio\\p1-sacuadros09-main\\src\\database\\db.js": {"path":"C:\\Users\\sacum\\OneDrive\\Escritorio\\p1-sacuadros09-main\\src\\database\\db.js","statementMap":{"0":{"start":{"line":1,"column":13},"end":{"line":122,"column":1}},"1":{"start":{"line":124,"column":0},"end":{"line":124,"column":22}}},"fnMap":{},"branchMap":{},"s":{"0":24,"1":24},"f":{},"b":{},"_coverageSchema":"1a1c01bbd47fc00a2c39e90264f33305004495a9","hash":"c50792c84c2c8aa6522f836140274aae21271330"}
,"C:\\Users\\sacum\\OneDrive\\Escritorio\\p1-sacuadros09-main\\src\\router\\cars.js": {"path":"C:\\Users\\sacum\\OneDrive\\Escritorio\\p1-sacuadros09-main\\src\\router\\cars.js","statementMap":{"0":{"start":{"line":1,"column":16},"end":{"line":1,"column":34}},"1":{"start":{"line":2,"column":15},"end":{"line":2,"column":31}},"2":{"start":{"line":3,"column":10},"end":{"line":3,"column":24}},"3":{"start":{"line":4,"column":15},"end":{"line":4,"column":40}},"4":{"start":{"line":7,"column":0},"end":{"line":29,"column":3}},"5":{"start":{"line":8,"column":30},"end":{"line":8,"column":39}},"6":{"start":{"line":9,"column":4},"end":{"line":28,"column":5}},"7":{"start":{"line":10,"column":29},"end":{"line":13,"column":9}},"8":{"start":{"line":11,"column":12},"end":{"line":12,"column":61}},"9":{"start":{"line":14,"column":8},"end":{"line":18,"column":9}},"10":{"start":{"line":15,"column":12},"end":{"line":15,"column":47}},"11":{"start":{"line":17,"column":12},"end":{"line":17,"column":103}},"12":{"start":{"line":19,"column":11},"end":{"line":28,"column":5}},"13":{"start":{"line":20,"column":29},"end":{"line":20,"column":98}},"14":{"start":{"line":20,"column":50},"end":{"line":20,"column":97}},"15":{"start":{"line":21,"column":8},"end":{"line":25,"column":9}},"16":{"start":{"line":22,"column":12},"end":{"line":22,"column":47}},"17":{"start":{"line":24,"column":12},"end":{"line":24,"column":82}},"18":{"start":{"line":27,"column":8},"end":{"line":27,"column":37}},"19":{"start":{"line":32,"column":0},"end":{"line":41,"column":3}},"20":{"start":{"line":33,"column":19},"end":{"line":33,"column":29}},"21":{"start":{"line":34,"column":16},"end":{"line":34,"column":31}},"22":{"start":{"line":36,"column":4},"end":{"line":40,"column":5}},"23":{"start":{"line":37,"column":8},"end":{"line":37,"column":34}},"24":{"start":{"line":39,"column":8},"end":{"line":39,"column":59}},"25":{"start":{"line":44,"column":0},"end":{"line":57,"column":3}},"26":{"start":{"line":45,"column":19},"end":{"line":45,"column":27}},"27":{"start":{"line":47,"column":4},"end":{"line":56,"column":5}},"28":{"start":{"line":48,"column":8},"end":{"line":48,"column":64}},"29":{"start":{"line":50,"column":8},"end":{"line":55,"column":9}},"30":{"start":{"line":51,"column":12},"end":{"line":51,"column":38}},"31":{"start":{"line":52,"column":12},"end":{"line":52,"column":41}},"32":{"start":{"line":54,"column":12},"end":{"line":54,"column":60}},"33":{"start":{"line":60,"column":0},"end":{"line":77,"column":3}},"34":{"start":{"line":61,"column":19},"end":{"line":61,"column":29}},"35":{"start":{"line":62,"column":23},"end":{"line":62,"column":31}},"36":{"start":{"line":63,"column":29},"end":{"line":63,"column":49}},"37":{"start":{"line":65,"column":4},"end":{"line":76,"column":5}},"38":{"start":{"line":66,"column":8},"end":{"line":73,"column":9}},"39":{"start":{"line":67,"column":12},"end":{"line":67,"column":70}},"40":{"start":{"line":68,"column":15},"end":{"line":73,"column":9}},"41":{"start":{"line":69,"column":12},"end":{"line":69,"column":66}},"42":{"start":{"line":71,"column":12},"end":{"line":71,"column":52}},"43":{"start":{"line":72,"column":12},"end":{"line":72,"column":59}},"44":{"start":{"line":75,"column":8},"end":{"line":75,"column":59}},"45":{"start":{"line":80,"column":0},"end":{"line":90,"column":3}},"46":{"start":{"line":81,"column":19},"end":{"line":81,"column":29}},"47":{"start":{"line":82,"column":29},"end":{"line":82,"column":49}},"48":{"start":{"line":84,"column":4},"end":{"line":89,"column":5}},"49":{"start":{"line":85,"column":8},"end":{"line":85,"column":36}},"50":{"start":{"line":86,"column":8},"end":{"line":86,"column":57}},"51":{"start":{"line":88,"column":8},"end":{"line":88,"column":59}},"52":{"start":{"line":93,"column":4},"end":{"line":93,"column":55}},"53":{"start":{"line":93,"column":30},"end":{"line":93,"column":53}},"54":{"start":{"line":97,"column":4},"end":{"line":97,"column":60}},"55":{"start":{"line":97,"column":35},"end":{"line":97,"column":58}},"56":{"start":{"line":101,"column":4},"end":{"line":101,"column":26}},"57":{"start":{"line":105,"column":19},"end":{"line":111,"column":6}},"58":{"start":{"line":113,"column":4},"end":{"line":113,"column":22}},"59":{"start":{"line":114,"column":4},"end":{"line":114,"column":31}},"60":{"start":{"line":115,"column":4},"end":{"line":115,"column":21}},"61":{"start":{"line":119,"column":4},"end":{"line":119,"column":56}},"62":{"start":{"line":123,"column":4},"end":{"line":123,"column":28}},"63":{"start":{"line":126,"column":0},"end":{"line":126,"column":24}}},"fnMap":{"0":{"name":"(anonymous_0)","decl":{"start":{"line":7,"column":16},"end":{"line":7,"column":17}},"loc":{"start":{"line":7,"column":30},"end":{"line":29,"column":1}},"line":7},"1":{"name":"(anonymous_1)","decl":{"start":{"line":10,"column":43},"end":{"line":10,"column":44}},"loc":{"start":{"line":11,"column":12},"end":{"line":12,"column":61}},"line":11},"2":{"name":"(anonymous_2)","decl":{"start":{"line":20,"column":43},"end":{"line":20,"column":44}},"loc":{"start":{"line":20,"column":50},"end":{"line":20,"column":97}},"line":20},"3":{"name":"(anonymous_3)","decl":{"start":{"line":32,"column":19},"end":{"line":32,"column":20}},"loc":{"start":{"line":32,"column":33},"end":{"line":41,"column":1}},"line":32},"4":{"name":"(anonymous_4)","decl":{"start":{"line":44,"column":17},"end":{"line":44,"column":18}},"loc":{"start":{"line":44,"column":31},"end":{"line":57,"column":1}},"line":44},"5":{"name":"(anonymous_5)","decl":{"start":{"line":60,"column":19},"end":{"line":60,"column":20}},"loc":{"start":{"line":60,"column":33},"end":{"line":77,"column":1}},"line":60},"6":{"name":"(anonymous_6)","decl":{"start":{"line":80,"column":22},"end":{"line":80,"column":23}},"loc":{"start":{"line":80,"column":36},"end":{"line":90,"column":1}},"line":80},"7":{"name":"findCarById","decl":{"start":{"line":92,"column":9},"end":{"line":92,"column":20}},"loc":{"start":{"line":92,"column":25},"end":{"line":94,"column":1}},"line":92},"8":{"name":"(anonymous_8)","decl":{"start":{"line":93,"column":23},"end":{"line":93,"column":24}},"loc":{"start":{"line":93,"column":30},"end":{"line":93,"column":53}},"line":93},"9":{"name":"findCarIndexById","decl":{"start":{"line":96,"column":9},"end":{"line":96,"column":25}},"loc":{"start":{"line":96,"column":30},"end":{"line":98,"column":1}},"line":96},"10":{"name":"(anonymous_10)","decl":{"start":{"line":97,"column":28},"end":{"line":97,"column":29}},"loc":{"start":{"line":97,"column":35},"end":{"line":97,"column":58}},"line":97},"11":{"name":"hasInvalidData","decl":{"start":{"line":100,"column":9},"end":{"line":100,"column":23}},"loc":{"start":{"line":100,"column":29},"end":{"line":102,"column":1}},"line":100},"12":{"name":"validateAndAddCar","decl":{"start":{"line":104,"column":9},"end":{"line":104,"column":26}},"loc":{"start":{"line":104,"column":32},"end":{"line":116,"column":1}},"line":104},"13":{"name":"updateCar","decl":{"start":{"line":118,"column":9},"end":{"line":118,"column":18}},"loc":{"start":{"line":118,"column":38},"end":{"line":120,"column":1}},"line":118},"14":{"name":"deleteCar","decl":{"start":{"line":122,"column":9},"end":{"line":122,"column":18}},"loc":{"start":{"line":122,"column":26},"end":{"line":124,"column":1}},"line":122}},"branchMap":{"0":{"loc":{"start":{"line":9,"column":4},"end":{"line":28,"column":5}},"type":"if","locations":[{"start":{"line":9,"column":4},"end":{"line":28,"column":5}},{"start":{"line":19,"column":11},"end":{"line":28,"column":5}}],"line":9},"1":{"loc":{"start":{"line":9,"column":8},"end":{"line":9,"column":23}},"type":"binary-expr","locations":[{"start":{"line":9,"column":8},"end":{"line":9,"column":13}},{"start":{"line":9,"column":17},"end":{"line":9,"column":23}}],"line":9},"2":{"loc":{"start":{"line":11,"column":12},"end":{"line":12,"column":61}},"type":"binary-expr","locations":[{"start":{"line":11,"column":12},"end":{"line":11,"column":59}},{"start":{"line":12,"column":12},"end":{"line":12,"column":61}}],"line":11},"3":{"loc":{"start":{"line":14,"column":8},"end":{"line":18,"column":9}},"type":"if","locations":[{"start":{"line":14,"column":8},"end":{"line":18,"column":9}},{"start":{"line":16,"column":15},"end":{"line":18,"column":9}}],"line":14},"4":{"loc":{"start":{"line":19,"column":11},"end":{"line":28,"column":5}},"type":"if","locations":[{"start":{"line":19,"column":11},"end":{"line":28,"column":5}},{"start":{"line":26,"column":11},"end":{"line":28,"column":5}}],"line":19},"5":{"loc":{"start":{"line":21,"column":8},"end":{"line":25,"column":9}},"type":"if","locations":[{"start":{"line":21,"column":8},"end":{"line":25,"column":9}},{"start":{"line":23,"column":15},"end":{"line":25,"column":9}}],"line":21},"6":{"loc":{"start":{"line":36,"column":4},"end":{"line":40,"column":5}},"type":"if","locations":[{"start":{"line":36,"column":4},"end":{"line":40,"column":5}},{"start":{"line":38,"column":11},"end":{"line":40,"column":5}}],"line":36},"7":{"loc":{"start":{"line":47,"column":4},"end":{"line":56,"column":5}},"type":"if","locations":[{"start":{"line":47,"column":4},"end":{"line":56,"column":5}},{"start":{"line":49,"column":11},"end":{"line":56,"column":5}}],"line":47},"8":{"loc":{"start":{"line":65,"column":4},"end":{"line":76,"column":5}},"type":"if","locations":[{"start":{"line":65,"column":4},"end":{"line":76,"column":5}},{"start":{"line":74,"column":11},"end":{"line":76,"column":5}}],"line":65},"9":{"loc":{"start":{"line":66,"column":8},"end":{"line":73,"column":9}},"type":"if","locations":[{"start":{"line":66,"column":8},"end":{"line":73,"column":9}},{"start":{"line":68,"column":15},"end":{"line":73,"column":9}}],"line":66},"10":{"loc":{"start":{"line":68,"column":15},"end":{"line":73,"column":9}},"type":"if","locations":[{"start":{"line":68,"column":15},"end":{"line":73,"column":9}},{"start":{"line":70,"column":15},"end":{"line":73,"column":9}}],"line":68},"11":{"loc":{"start":{"line":84,"column":4},"end":{"line":89,"column":5}},"type":"if","locations":[{"start":{"line":84,"column":4},"end":{"line":89,"column":5}},{"start":{"line":87,"column":11},"end":{"line":89,"column":5}}],"line":84}},"s":{"0":24,"1":24,"2":24,"3":24,"4":24,"5":15,"6":15,"7":1,"8":15,"9":1,"10":1,"11":0,"12":14,"13":2,"14":30,"15":2,"16":2,"17":0,"18":12,"19":24,"20":3,"21":3,"22":3,"23":2,"24":1,"25":24,"26":6,"27":6,"28":0,"29":6,"30":6,"31":5,"32":1,"33":24,"34":5,"35":5,"36":5,"37":5,"38":4,"39":1,"40":3,"41":0,"42":3,"43":3,"44":1,"45":24,"46":3,"47":3,"48":3,"49":2,"50":2,"51":1,"52":3,"53":35,"54":8,"55":78,"56":9,"57":6,"58":6,"59":5,"60":5,"61":3,"62":2,"63":24},"f":{"0":15,"1":15,"2":30,"3":3,"4":6,"5":5,"6":3,"7":3,"8":35,"9":8,"10":78,"11":9,"12":6,"13":3,"14":2},"b":{"0":[1,14],"1":[15,3],"2":[15,3],"3":[1,0],"4":[2,12],"5":[2,0],"6":[2,1],"7":[0,6],"8":[4,1],"9":[1,3],"10":[0,3],"11":[2,1]},"_coverageSchema":"1a1c01bbd47fc00a2c39e90264f33305004495a9","hash":"53bebab96c35d89206955cebf8354ecdf5c84144"}
}
