TN:
SF:src\index.js
FNF:0
FNH:0
DA:1,24
DA:2,24
DA:3,24
DA:5,24
DA:7,24
DA:8,24
DA:9,24
DA:11,24
DA:13,24
LF:9
LH:9
BRF:0
BRH:0
end_of_record
TN:
SF:src\database\db.js
FNF:0
FNH:0
DA:1,24
DA:124,24
LF:2
LH:2
BRF:0
BRH:0
end_of_record
TN:
SF:src\router\cars.js
FN:7,(anonymous_0)
FN:10,(anonymous_1)
FN:20,(anonymous_2)
FN:32,(anonymous_3)
FN:44,(anonymous_4)
FN:60,(anonymous_5)
FN:80,(anonymous_6)
FN:92,findCarById
FN:93,(anonymous_8)
FN:96,findCarIndexById
FN:97,(anonymous_10)
FN:100,hasInvalidData
FN:104,validateAndAddCar
FN:118,updateCar
FN:122,deleteCar
FNF:15
FNH:15
FNDA:15,(anonymous_0)
FNDA:15,(anonymous_1)
FNDA:30,(anonymous_2)
FNDA:3,(anonymous_3)
FNDA:6,(anonymous_4)
FNDA:5,(anonymous_5)
FNDA:3,(anonymous_6)
FNDA:3,findCarById
FNDA:35,(anonymous_8)
FNDA:8,findCarIndexById
FNDA:78,(anonymous_10)
FNDA:9,hasInvalidData
FNDA:6,validateAndAddCar
FNDA:3,updateCar
FNDA:2,deleteCar
DA:1,24
DA:2,24
DA:3,24
DA:4,24
DA:7,24
DA:8,15
DA:9,15
DA:10,1
DA:11,15
DA:14,1
DA:15,1
DA:17,0
DA:19,14
DA:20,30
DA:21,2
DA:22,2
DA:24,0
DA:27,12
DA:32,24
DA:33,3
DA:34,3
DA:36,3
DA:37,2
DA:39,1
DA:44,24
DA:45,6
DA:47,6
DA:48,0
DA:50,6
DA:51,6
DA:52,5
DA:54,1
DA:60,24
DA:61,5
DA:62,5
DA:63,5
DA:65,5
DA:66,4
DA:67,1
DA:68,3
DA:69,0
DA:71,3
DA:72,3
DA:75,1
DA:80,24
DA:81,3
DA:82,3
DA:84,3
DA:85,2
DA:86,2
DA:88,1
DA:93,35
DA:97,78
DA:101,9
DA:105,6
DA:113,6
DA:114,5
DA:115,5
DA:119,3
DA:123,2
DA:126,24
LF:61
LH:57
BRDA:9,0,0,1
BRDA:9,0,1,14
BRDA:9,1,0,15
BRDA:9,1,1,3
BRDA:11,2,0,15
BRDA:11,2,1,3
BRDA:14,3,0,1
BRDA:14,3,1,0
BRDA:19,4,0,2
BRDA:19,4,1,12
BRDA:21,5,0,2
BRDA:21,5,1,0
BRDA:36,6,0,2
BRDA:36,6,1,1
BRDA:47,7,0,0
BRDA:47,7,1,6
BRDA:65,8,0,4
BRDA:65,8,1,1
BRDA:66,9,0,1
BRDA:66,9,1,3
BRDA:68,10,0,0
BRDA:68,10,1,3
BRDA:84,11,0,2
BRDA:84,11,1,1
BRF:24
BRH:20
end_of_record
